This file contains any messages produced by compilers while
running configure, to aid debugging if configure makes a mistake.

It was created by cgicc configure 3.2.19, which was
generated by GNU Autoconf 2.69.  Invocation command line was

  $ ./configure --prefix=/usr

## --------- ##
## Platform. ##
## --------- ##

hostname = codespaces-4e73dd
uname -m = x86_64
uname -r = 5.4.0-1094-azure
uname -s = Linux
uname -v = #100~18.04.1-Ubuntu SMP Mon Oct 17 11:44:30 UTC 2022

/usr/bin/uname -p = x86_64
/bin/uname -X     = unknown

/bin/arch              = x86_64
/usr/bin/arch -k       = unknown
/usr/convex/getsysinfo = unknown
/usr/bin/hostinfo      = unknown
/bin/machine           = unknown
/usr/bin/oslevel       = unknown
/bin/universe          = unknown

PATH: /usr/local/rvm/gems/ruby-3.1.2/bin
PATH: /usr/local/rvm/gems/ruby-3.1.2@global/bin
PATH: /usr/local/rvm/rubies/ruby-3.1.2/bin
PATH: /vscode/bin/linux-x64/6261075646f055b99068d3688932416f2346dd3b/bin/remote-cli
PATH: /home/codespace/.local/bin
PATH: /home/codespace/.dotnet
PATH: /home/codespace/.nodejs/current/bin
PATH: /home/codespace/.php/current/bin
PATH: /home/codespace/.python/current/bin
PATH: /home/codespace/.java/current/bin
PATH: /home/codespace/.ruby/current/bin
PATH: /home/codespace/.local/bin
PATH: /usr/local/oryx
PATH: /usr/local/go/bin
PATH: /go/bin
PATH: /usr/local/sdkman/bin
PATH: /usr/local/sdkman/candidates/java/current/bin
PATH: /usr/local/sdkman/candidates/gradle/current/bin
PATH: /usr/local/sdkman/candidates/maven/current/bin
PATH: /usr/local/rvm/gems/default/bin
PATH: /usr/local/rvm/gems/default@global/bin
PATH: /usr/local/rvm/rubies/default/bin
PATH: /usr/local/share/rbenv/bin
PATH: /opt/conda/bin
PATH: /usr/local/php/current/bin
PATH: /usr/local/python/current/bin
PATH: /usr/local/py-utils/bin
PATH: /usr/local/nvs
PATH: /usr/local/share/nvm/versions/node/v16.18.1/bin
PATH: /usr/local/hugo/bin
PATH: /usr/local/dotnet/current
PATH: /usr/local/sbin
PATH: /usr/local/bin
PATH: /usr/sbin
PATH: /usr/bin
PATH: /sbin
PATH: /bin
PATH: /home/codespace/.dotnet/tools
PATH: /usr/local/rvm/bin


## ----------- ##
## Core tests. ##
## ----------- ##

configure:2539: checking for a BSD-compatible install
configure:2607: result: /usr/bin/install -c
configure:2618: checking whether build environment is sane
configure:2673: result: yes
configure:2822: checking for a thread-safe mkdir -p
configure:2861: result: /usr/bin/mkdir -p
configure:2868: checking for gawk
configure:2884: found /usr/bin/gawk
configure:2895: result: gawk
configure:2906: checking whether make sets $(MAKE)
configure:2928: result: yes
configure:2957: checking whether make supports nested variables
configure:2974: result: yes
configure:3169: checking for g++
configure:3185: found /usr/bin/g++
configure:3196: result: g++
configure:3223: checking for C++ compiler version
configure:3232: g++ --version >&5
g++ (Ubuntu 9.4.0-1ubuntu1~20.04.1) 9.4.0
Copyright (C) 2019 Free Software Foundation, Inc.
This is free software; see the source for copying conditions.  There is NO
warranty; not even for MERCHANTABILITY or FITNESS FOR A PARTICULAR PURPOSE.

configure:3243: $? = 0
configure:3232: g++ -v >&5
Using built-in specs.
COLLECT_GCC=g++
COLLECT_LTO_WRAPPER=/usr/lib/gcc/x86_64-linux-gnu/9/lto-wrapper
OFFLOAD_TARGET_NAMES=nvptx-none:hsa
OFFLOAD_TARGET_DEFAULT=1
Target: x86_64-linux-gnu
Configured with: ../src/configure -v --with-pkgversion='Ubuntu 9.4.0-1ubuntu1~20.04.1' --with-bugurl=file:///usr/share/doc/gcc-9/README.Bugs --enable-languages=c,ada,c++,go,brig,d,fortran,objc,obj-c++,gm2 --prefix=/usr --with-gcc-major-version-only --program-suffix=-9 --program-prefix=x86_64-linux-gnu- --enable-shared --enable-linker-build-id --libexecdir=/usr/lib --without-included-gettext --enable-threads=posix --libdir=/usr/lib --enable-nls --enable-clocale=gnu --enable-libstdcxx-debug --enable-libstdcxx-time=yes --with-default-libstdcxx-abi=new --enable-gnu-unique-object --disable-vtable-verify --enable-plugin --enable-default-pie --with-system-zlib --with-target-system-zlib=auto --enable-objc-gc=auto --enable-multiarch --disable-werror --with-arch-32=i686 --with-abi=m64 --with-multilib-list=m32,m64,mx32 --enable-multilib --with-tune=generic --enable-offload-targets=nvptx-none=/build/gcc-9-Av3uEd/gcc-9-9.4.0/debian/tmp-nvptx/usr,hsa --without-cuda-driver --enable-checking=release --build=x86_64-linux-gnu --host=x86_64-linux-gnu --target=x86_64-linux-gnu
Thread model: posix
gcc version 9.4.0 (Ubuntu 9.4.0-1ubuntu1~20.04.1) 
configure:3243: $? = 0
configure:3232: g++ -V >&5
g++: error: unrecognized command line option '-V'
g++: fatal error: no input files
compilation terminated.
configure:3243: $? = 1
configure:3232: g++ -qversion >&5
g++: error: unrecognized command line option '-qversion'; did you mean '--version'?
g++: fatal error: no input files
compilation terminated.
configure:3243: $? = 1
configure:3263: checking whether the C++ compiler works
configure:3285: g++    conftest.cpp  >&5
configure:3289: $? = 0
configure:3337: result: yes
configure:3340: checking for C++ compiler default output file name
configure:3342: result: a.out
configure:3348: checking for suffix of executables
configure:3355: g++ -o conftest    conftest.cpp  >&5
configure:3359: $? = 0
configure:3381: result: 
configure:3403: checking whether we are cross compiling
configure:3411: g++ -o conftest    conftest.cpp  >&5
configure:3415: $? = 0
configure:3422: ./conftest
configure:3426: $? = 0
configure:3414: result: no
configure:3419: checking for suffix of object files
configure:3441: g++ -c   conftest.cpp >&5
configure:3445: $? = 0
configure:3466: result: o
configure:3470: checking whether we are using the GNU C++ compiler
configure:3489: g++ -c   conftest.cpp >&5
configure:3489: $? = 0
configure:3498: result: yes
configure:3507: checking whether g++ accepts -g
configure:3527: g++ -c -g  conftest.cpp >&5
configure:3527: $? = 0
configure:3568: result: yes
configure:3602: checking for style of include used by make
configure:3630: result: GNU
configure:3656: checking dependency style of g++
configure:3767: result: gcc3
configure:3812: checking build system type
configure:3826: result: x86_64-pc-linux-gnu
configure:3846: checking host system type
configure:3859: result: x86_64-pc-linux-gnu
configure:3900: checking how to print strings
configure:3927: result: printf
configure:3996: checking for gcc
configure:4012: found /usr/bin/gcc
configure:4023: result: gcc
configure:4252: checking for C compiler version
configure:4261: gcc --version >&5
gcc (Ubuntu 9.4.0-1ubuntu1~20.04.1) 9.4.0
Copyright (C) 2019 Free Software Foundation, Inc.
This is free software; see the source for copying conditions.  There is NO
warranty; not even for MERCHANTABILITY or FITNESS FOR A PARTICULAR PURPOSE.

configure:4272: $? = 0
configure:4261: gcc -v >&5
Using built-in specs.
COLLECT_GCC=gcc
COLLECT_LTO_WRAPPER=/usr/lib/gcc/x86_64-linux-gnu/9/lto-wrapper
OFFLOAD_TARGET_NAMES=nvptx-none:hsa
OFFLOAD_TARGET_DEFAULT=1
Target: x86_64-linux-gnu
Configured with: ../src/configure -v --with-pkgversion='Ubuntu 9.4.0-1ubuntu1~20.04.1' --with-bugurl=file:///usr/share/doc/gcc-9/README.Bugs --enable-languages=c,ada,c++,go,brig,d,fortran,objc,obj-c++,gm2 --prefix=/usr --with-gcc-major-version-only --program-suffix=-9 --program-prefix=x86_64-linux-gnu- --enable-shared --enable-linker-build-id --libexecdir=/usr/lib --without-included-gettext --enable-threads=posix --libdir=/usr/lib --enable-nls --enable-clocale=gnu --enable-libstdcxx-debug --enable-libstdcxx-time=yes --with-default-libstdcxx-abi=new --enable-gnu-unique-object --disable-vtable-verify --enable-plugin --enable-default-pie --with-system-zlib --with-target-system-zlib=auto --enable-objc-gc=auto --enable-multiarch --disable-werror --with-arch-32=i686 --with-abi=m64 --with-multilib-list=m32,m64,mx32 --enable-multilib --with-tune=generic --enable-offload-targets=nvptx-none=/build/gcc-9-Av3uEd/gcc-9-9.4.0/debian/tmp-nvptx/usr,hsa --without-cuda-driver --enable-checking=release --build=x86_64-linux-gnu --host=x86_64-linux-gnu --target=x86_64-linux-gnu
Thread model: posix
gcc version 9.4.0 (Ubuntu 9.4.0-1ubuntu1~20.04.1) 
configure:4272: $? = 0
configure:4261: gcc -V >&5
gcc: error: unrecognized command line option '-V'
gcc: fatal error: no input files
compilation terminated.
configure:4272: $? = 1
configure:4261: gcc -qversion >&5
gcc: error: unrecognized command line option '-qversion'; did you mean '--version'?
gcc: fatal error: no input files
compilation terminated.
configure:4272: $? = 1
configure:4276: checking whether we are using the GNU C compiler
configure:4295: gcc -c   conftest.c >&5
configure:4295: $? = 0
configure:4304: result: yes
configure:4313: checking whether gcc accepts -g
configure:4333: gcc -c -g  conftest.c >&5
configure:4333: $? = 0
configure:4374: result: yes
configure:4391: checking for gcc option to accept ISO C89
configure:4454: gcc  -c -g -O2  conftest.c >&5
configure:4454: $? = 0
configure:4467: result: none needed
configure:4492: checking whether gcc understands -c and -o together
configure:4514: gcc -c conftest.c -o conftest2.o
configure:4517: $? = 0
configure:4514: gcc -c conftest.c -o conftest2.o
configure:4517: $? = 0
configure:4529: result: yes
configure:4548: checking dependency style of gcc
configure:4659: result: gcc3
configure:4674: checking for a sed that does not truncate output
configure:4738: result: /usr/bin/sed
configure:4756: checking for grep that handles long lines and -e
configure:4814: result: /usr/bin/grep
configure:4819: checking for egrep
configure:4881: result: /usr/bin/grep -E
configure:4886: checking for fgrep
configure:4948: result: /usr/bin/grep -F
configure:4983: checking for ld used by gcc
configure:5050: result: /usr/bin/ld
configure:5057: checking if the linker (/usr/bin/ld) is GNU ld
configure:5072: result: yes
configure:5084: checking for BSD- or MS-compatible name lister (nm)
configure:5138: result: /usr/bin/nm -B
configure:5268: checking the name lister (/usr/bin/nm -B) interface
configure:5275: g++ -c -g -O2  conftest.cpp >&5
configure:5278: /usr/bin/nm -B "conftest.o"
configure:5281: output
0000000000000000 B some_variable
configure:5282: result: BSD nm
configure:5285: checking whether ln -s works
configure:5289: result: yes
configure:5297: checking the maximum length of command line arguments
configure:5428: result: 1572864
configure:5476: checking how to convert x86_64-pc-linux-gnu file names to x86_64-pc-linux-gnu format
configure:5516: result: func_convert_file_noop
configure:5523: checking how to convert x86_64-pc-linux-gnu file names to toolchain format
configure:5543: result: func_convert_file_noop
configure:5550: checking for /usr/bin/ld option to reload object files
configure:5557: result: -r
configure:5631: checking for objdump
configure:5647: found /usr/bin/objdump
configure:5658: result: objdump
configure:5690: checking how to recognize dependent libraries
configure:5890: result: pass_all
configure:5975: checking for dlltool
configure:6005: result: no
configure:6035: checking how to associate runtime and link libraries
configure:6062: result: printf %s\n
configure:6123: checking for ar
configure:6139: found /usr/bin/ar
configure:6150: result: ar
configure:6187: checking for archiver @FILE support
configure:6204: g++ -c -g -O2  conftest.cpp >&5
configure:6204: $? = 0
configure:6207: ar cru libconftest.a @conftest.lst >&5
ar: `u' modifier ignored since `D' is the default (see `U')
configure:6210: $? = 0
configure:6215: ar cru libconftest.a @conftest.lst >&5
ar: `u' modifier ignored since `D' is the default (see `U')
ar: conftest.o: No such file or directory
configure:6218: $? = 1
configure:6217: result: @
configure:6275: checking for strip
configure:6291: found /usr/bin/strip
configure:6302: result: strip
configure:6374: checking for ranlib
configure:6390: found /usr/bin/ranlib
configure:6401: result: ranlib
configure:6503: checking command to parse /usr/bin/nm -B output from gcc object
configure:6656: g++ -c -g -O2  conftest.cpp >&5
configure:6659: $? = 0
configure:6663: /usr/bin/nm -B conftest.o \| sed -n -e 's/^.*[ ]\([ABCDGIRSTW][ABCDGIRSTW]*\)[ ][ ]*\([_A-Za-z][_A-Za-z0-9]*\)$/\1 \2 \2/p' | sed '/ __gnu_lto/d' \> conftest.nm
configure:6666: $? = 0
configure:6732: g++ -o conftest -g -O2   conftest.cpp conftstm.o >&5
configure:6735: $? = 0
configure:6773: result: ok
configure:6820: checking for sysroot
configure:6850: result: no
configure:6857: checking for a working dd
configure:6895: result: /usr/bin/dd
configure:6899: checking how to truncate binary pipes
configure:6914: result: /usr/bin/dd bs=4096 count=1
configure:7051: g++ -c -g -O2  conftest.cpp >&5
configure:7054: $? = 0
configure:7244: checking for mt
configure:7274: result: no
configure:7294: checking if : is a manifest tool
configure:7300: : '-?'
configure:7308: result: no
configure:7985: checking how to run the C preprocessor
configure:8016: gcc -E  conftest.c
configure:8016: $? = 0
configure:8030: gcc -E  conftest.c
conftest.c:11:10: fatal error: ac_nonexistent.h: No such file or directory
   11 | #include <ac_nonexistent.h>
      |          ^~~~~~~~~~~~~~~~~~
compilation terminated.
configure:8030: $? = 1
configure: failed program was:
| /* confdefs.h */
| #define PACKAGE_NAME "cgicc"
| #define PACKAGE_TARNAME "cgicc"
| #define PACKAGE_VERSION "3.2.19"
| #define PACKAGE_STRING "cgicc 3.2.19"
| #define PACKAGE_BUGREPORT "sebastien.diaz@gmail.com"
| #define PACKAGE_URL ""
| #define PACKAGE "cgicc"
| #define VERSION "3.2.19"
| /* end confdefs.h.  */
| #include <ac_nonexistent.h>
configure:8055: result: gcc -E
configure:8075: gcc -E  conftest.c
configure:8075: $? = 0
configure:8089: gcc -E  conftest.c
conftest.c:11:10: fatal error: ac_nonexistent.h: No such file or directory
   11 | #include <ac_nonexistent.h>
      |          ^~~~~~~~~~~~~~~~~~
compilation terminated.
configure:8089: $? = 1
configure: failed program was:
| /* confdefs.h */
| #define PACKAGE_NAME "cgicc"
| #define PACKAGE_TARNAME "cgicc"
| #define PACKAGE_VERSION "3.2.19"
| #define PACKAGE_STRING "cgicc 3.2.19"
| #define PACKAGE_BUGREPORT "sebastien.diaz@gmail.com"
| #define PACKAGE_URL ""
| #define PACKAGE "cgicc"
| #define VERSION "3.2.19"
| /* end confdefs.h.  */
| #include <ac_nonexistent.h>
configure:8118: checking for ANSI C header files
configure:8138: gcc -c -g -O2  conftest.c >&5
configure:8138: $? = 0
configure:8211: gcc -o conftest -g -O2   conftest.c  >&5
configure:8211: $? = 0
configure:8211: ./conftest
configure:8211: $? = 0
configure:8222: result: yes
configure:8235: checking for sys/types.h
configure:8235: gcc -c -g -O2  conftest.c >&5
configure:8235: $? = 0
configure:8235: result: yes
configure:8235: checking for sys/stat.h
configure:8235: gcc -c -g -O2  conftest.c >&5
configure:8235: $? = 0
configure:8235: result: yes
configure:8235: checking for stdlib.h
configure:8235: gcc -c -g -O2  conftest.c >&5
configure:8235: $? = 0
configure:8235: result: yes
configure:8235: checking for string.h
configure:8235: gcc -c -g -O2  conftest.c >&5
configure:8235: $? = 0
configure:8235: result: yes
configure:8235: checking for memory.h
configure:8235: gcc -c -g -O2  conftest.c >&5
configure:8235: $? = 0
configure:8235: result: yes
configure:8235: checking for strings.h
configure:8235: gcc -c -g -O2  conftest.c >&5
configure:8235: $? = 0
configure:8235: result: yes
configure:8235: checking for inttypes.h
configure:8235: gcc -c -g -O2  conftest.c >&5
configure:8235: $? = 0
configure:8235: result: yes
configure:8235: checking for stdint.h
configure:8235: gcc -c -g -O2  conftest.c >&5
configure:8235: $? = 0
configure:8235: result: yes
configure:8235: checking for unistd.h
configure:8235: gcc -c -g -O2  conftest.c >&5
configure:8235: $? = 0
configure:8235: result: yes
configure:8249: checking for dlfcn.h
configure:8249: gcc -c -g -O2  conftest.c >&5
configure:8249: $? = 0
configure:8249: result: yes
configure:8515: checking for objdir
configure:8530: result: .libs
configure:8794: checking if gcc supports -fno-rtti -fno-exceptions
configure:8812: gcc -c -g -O2  -fno-rtti -fno-exceptions conftest.c >&5
cc1: warning: command line option '-fno-rtti' is valid for C++/D/ObjC++ but not for C
configure:8816: $? = 0
configure:8829: result: no
configure:9187: checking for gcc option to produce PIC
configure:9194: result: -fPIC -DPIC
configure:9202: checking if gcc PIC flag -fPIC -DPIC works
configure:9220: gcc -c -g -O2  -fPIC -DPIC -DPIC conftest.c >&5
configure:9224: $? = 0
configure:9237: result: yes
configure:9266: checking if gcc static flag -static works
configure:9294: result: yes
configure:9309: checking if gcc supports -c -o file.o
configure:9330: gcc -c -g -O2  -o out/conftest2.o conftest.c >&5
configure:9334: $? = 0
configure:9356: result: yes
configure:9364: checking if gcc supports -c -o file.o
configure:9411: result: yes
configure:9444: checking whether the gcc linker (/usr/bin/ld -m elf_x86_64) supports shared libraries
configure:10707: result: yes
configure:10744: checking whether -lc should be explicitly linked in
configure:10752: gcc -c -g -O2  conftest.c >&5
configure:10755: $? = 0
configure:10770: gcc -shared  -fPIC -DPIC conftest.o  -v -Wl,-soname -Wl,conftest -o conftest 2\>\&1 \| /usr/bin/grep  -lc  \>/dev/null 2\>\&1
configure:10773: $? = 0
configure:10787: result: no
configure:10947: checking dynamic linker characteristics
configure:11528: gcc -o conftest -g -O2   -Wl,-rpath -Wl,/foo conftest.c  >&5
configure:11528: $? = 0
configure:11777: result: GNU/Linux ld.so
configure:11899: checking how to hardcode library paths into programs
configure:11924: result: immediate
configure:12472: checking whether stripping libraries is possible
configure:12477: result: yes
configure:12512: checking if libtool supports shared libraries
configure:12514: result: yes
configure:12517: checking whether to build shared libraries
configure:12542: result: yes
configure:12545: checking whether to build static libraries
configure:12549: result: yes
configure:9348: checking how to run the C++ preprocessor
configure:9375: g++ -E  conftest.cpp
configure:9375: $? = 0
configure:9389: g++ -E  conftest.cpp
conftest.cpp:23:10: fatal error: ac_nonexistent.h: No such file or directory
   23 | #include <ac_nonexistent.h>
      |          ^~~~~~~~~~~~~~~~~~
compilation terminated.
configure:9389: $? = 1
configure: failed program was:
| /* confdefs.h */
| #define PACKAGE_NAME "cgicc"
| #define PACKAGE_TARNAME "cgicc"
| #define PACKAGE_VERSION "3.2.19"
| #define PACKAGE_STRING "cgicc 3.2.19"
| #define PACKAGE_BUGREPORT "sebastien.diaz@gmail.com"
| #define PACKAGE_URL ""
| #define PACKAGE "cgicc"
| #define VERSION "3.2.19"
| #define STDC_HEADERS 1
| #define HAVE_SYS_TYPES_H 1
| #define HAVE_SYS_STAT_H 1
| #define HAVE_STDLIB_H 1
| #define HAVE_STRING_H 1
| #define HAVE_MEMORY_H 1
| #define HAVE_STRINGS_H 1
| #define HAVE_INTTYPES_H 1
| #define HAVE_STDINT_H 1
| #define HAVE_UNISTD_H 1
| #define HAVE_DLFCN_H 1
| #define LT_OBJDIR ".libs/"
| /* end confdefs.h.  */
| #include <ac_nonexistent.h>
configure:9414: result: g++ -E
configure:9434: g++ -E  conftest.cpp
configure:9434: $? = 0
configure:9448: g++ -E  conftest.cpp
conftest.cpp:23:10: fatal error: ac_nonexistent.h: No such file or directory
   23 | #include <ac_nonexistent.h>
      |          ^~~~~~~~~~~~~~~~~~
compilation terminated.
configure:9448: $? = 1
configure: failed program was:
| /* confdefs.h */
| #define PACKAGE_NAME "cgicc"
| #define PACKAGE_TARNAME "cgicc"
| #define PACKAGE_VERSION "3.2.19"
| #define PACKAGE_STRING "cgicc 3.2.19"
| #define PACKAGE_BUGREPORT "sebastien.diaz@gmail.com"
| #define PACKAGE_URL ""
| #define PACKAGE "cgicc"
| #define VERSION "3.2.19"
| #define STDC_HEADERS 1
| #define HAVE_SYS_TYPES_H 1
| #define HAVE_SYS_STAT_H 1
| #define HAVE_STDLIB_H 1
| #define HAVE_STRING_H 1
| #define HAVE_MEMORY_H 1
| #define HAVE_STRINGS_H 1
| #define HAVE_INTTYPES_H 1
| #define HAVE_STDINT_H 1
| #define HAVE_UNISTD_H 1
| #define HAVE_DLFCN_H 1
| #define LT_OBJDIR ".libs/"
| /* end confdefs.h.  */
| #include <ac_nonexistent.h>
configure:9610: checking for ld used by g++
configure:9677: result: /usr/bin/ld -m elf_x86_64
configure:9684: checking if the linker (/usr/bin/ld -m elf_x86_64) is GNU ld
configure:9699: result: yes
configure:9754: checking whether the g++ linker (/usr/bin/ld -m elf_x86_64) supports shared libraries
configure:10827: result: yes
configure:10863: g++ -c -g -O2  conftest.cpp >&5
configure:10866: $? = 0
configure:11347: checking for g++ option to produce PIC
configure:11354: result: -fPIC -DPIC
configure:11362: checking if g++ PIC flag -fPIC -DPIC works
configure:11380: g++ -c -g -O2  -fPIC -DPIC -DPIC conftest.cpp >&5
configure:11384: $? = 0
configure:11397: result: yes
configure:11420: checking if g++ static flag -static works
configure:11448: result: yes
configure:11460: checking if g++ supports -c -o file.o
configure:11481: g++ -c -g -O2  -o out/conftest2.o conftest.cpp >&5
configure:11485: $? = 0
configure:11507: result: yes
configure:11512: checking if g++ supports -c -o file.o
configure:11559: result: yes
configure:11589: checking whether the g++ linker (/usr/bin/ld -m elf_x86_64) supports shared libraries
configure:11632: result: yes
configure:11773: checking dynamic linker characteristics
configure:12530: result: GNU/Linux ld.so
configure:12595: checking how to hardcode library paths into programs
configure:12620: result: immediate
configure:11514: checking for doxygen
configure:11542: result: /bin/echo
configure:11556: checking for gethostbyaddr in -lnsl
configure:11581: g++ -o conftest -g -O2   conftest.cpp -lnsl   >&5
configure:11581: $? = 0
configure:11590: result: yes
configure:11603: checking sys/time.h usability
configure:11603: g++ -c -g -O2  conftest.cpp >&5
configure:11603: $? = 0
configure:11603: result: yes
configure:11603: checking sys/time.h presence
configure:11603: g++ -E  conftest.cpp
configure:11603: $? = 0
configure:11603: result: yes
configure:11603: checking for sys/time.h
configure:11603: result: yes
configure:11603: checking sys/utsname.h usability
configure:11603: g++ -c -g -O2  conftest.cpp >&5
configure:11603: $? = 0
configure:11603: result: yes
configure:11603: checking sys/utsname.h presence
configure:11603: g++ -E  conftest.cpp
configure:11603: $? = 0
configure:11603: result: yes
configure:11603: checking for sys/utsname.h
configure:11603: result: yes
configure:11621: checking whether the C++ compiler (g++) is aCC
configure:11634: result: no
configure:11643: checking whether the compiler implements namespaces
configure:11666: g++ -c -g -O2  conftest.cpp >&5
configure:11666: $? = 0
configure:11680: result: yes
configure:11689: checking whether the compiler supports Standard Template Library
configure:11718: g++ -c -g -O2  conftest.cpp >&5
configure:11718: $? = 0
configure:11732: result: yes
configure:11741: checking maximum C++ compiler warning level
configure:11747: result: -Wall -W -pedantic
configure:11754: checking for gettimeofday
configure:11754: g++ -o conftest -Wall -W -pedantic -g -O2   conftest.cpp  >&5
configure:11754: $? = 0
configure:11754: result: yes
configure:11754: checking for uname
configure:11754: g++ -o conftest -Wall -W -pedantic -g -O2   conftest.cpp  >&5
configure:11754: $? = 0
configure:11754: result: yes
configure:11775: checking whether to build the cgicc demos
configure:11777: result: yes
configure:11793: checking for gethostbyaddr
configure:11793: g++ -o conftest -Wall -W -pedantic -g -O2   conftest.cpp  >&5
configure:11793: $? = 0
configure:11793: result: yes
configure:11804: checking for gethostbyname
configure:11804: g++ -o conftest -Wall -W -pedantic -g -O2   conftest.cpp  >&5
configure:11804: $? = 0
configure:11804: result: yes
configure:11815: checking for inet_ntoa
configure:11815: g++ -o conftest -Wall -W -pedantic -g -O2   conftest.cpp  >&5
configure:11815: $? = 0
configure:11815: result: yes
configure:11826: checking arpa/inet.h usability
configure:11826: g++ -c -Wall -W -pedantic -g -O2  conftest.cpp >&5
configure:11826: $? = 0
configure:11826: result: yes
configure:11826: checking arpa/inet.h presence
configure:11826: g++ -E  conftest.cpp
configure:11826: $? = 0
configure:11826: result: yes
configure:11826: checking for arpa/inet.h
configure:11826: result: yes
configure:11838: checking netdb.h usability
configure:11838: g++ -c -Wall -W -pedantic -g -O2  conftest.cpp >&5
configure:11838: $? = 0
configure:11838: result: yes
configure:11838: checking netdb.h presence
configure:11838: g++ -E  conftest.cpp
configure:11838: $? = 0
configure:11838: result: yes
configure:11838: checking for netdb.h
configure:11838: result: yes
configure:11850: checking netinet/in.h usability
configure:11850: g++ -c -Wall -W -pedantic -g -O2  conftest.cpp >&5
configure:11850: $? = 0
configure:11850: result: yes
configure:11850: checking netinet/in.h presence
configure:11850: g++ -E  conftest.cpp
configure:11850: $? = 0
configure:11850: result: yes
configure:11850: checking for netinet/in.h
configure:11850: result: yes
configure:11862: checking sys/socket.h usability
configure:11862: g++ -c -Wall -W -pedantic -g -O2  conftest.cpp >&5
configure:11862: $? = 0
configure:11862: result: yes
configure:11862: checking sys/socket.h presence
configure:11862: g++ -E  conftest.cpp
configure:11862: $? = 0
configure:11862: result: yes
configure:11862: checking for sys/socket.h
configure:11862: result: yes
configure:11872: checking for stdbool.h that conforms to C99
configure:11939: g++ -c -Wall -W -pedantic -g -O2  conftest.cpp >&5
conftest.cpp:40:15: error: expected unqualified-id before string constant
   40 |               "error: bool is not defined"
      |               ^~~~~~~~~~~~~~~~~~~~~~~~~~~~
conftest.cpp:58:48: error: 's' does not name a type
   58 |              struct s { _Bool s: 1; _Bool t; } s;
      |                                                ^
conftest.cpp:68:28: error: 's' was not declared in this scope
   68 |              char i[sizeof s.t];
      |                            ^
conftest.cpp: In function 'int main()':
conftest.cpp:86:24: error: 's' was not declared in this scope
   86 |              bool e = &s;
      |                        ^
conftest.cpp:90:63: error: 'i' was not declared in this scope
   90 |              return (!a + !b + !c + !d + !e + !f + !g + !h + !i + !!j + !k + !!l
      |                                                               ^
conftest.cpp:91:25: warning: enum constant in boolean context [-Wint-in-bool-context]
   91 |                      + !m + !n + !o + !p + !q + !pq);
      |                         ^
configure:11939: $? = 1
configure: failed program was:
| /* confdefs.h */
| #define PACKAGE_NAME "cgicc"
| #define PACKAGE_TARNAME "cgicc"
| #define PACKAGE_VERSION "3.2.19"
| #define PACKAGE_STRING "cgicc 3.2.19"
| #define PACKAGE_BUGREPORT "sebastien.diaz@gmail.com"
| #define PACKAGE_URL ""
| #define PACKAGE "cgicc"
| #define VERSION "3.2.19"
| #define STDC_HEADERS 1
| #define HAVE_SYS_TYPES_H 1
| #define HAVE_SYS_STAT_H 1
| #define HAVE_STDLIB_H 1
| #define HAVE_STRING_H 1
| #define HAVE_MEMORY_H 1
| #define HAVE_STRINGS_H 1
| #define HAVE_INTTYPES_H 1
| #define HAVE_STDINT_H 1
| #define HAVE_UNISTD_H 1
| #define HAVE_DLFCN_H 1
| #define LT_OBJDIR ".libs/"
| #define HAVE_SYS_TIME_H 1
| #define HAVE_SYS_UTSNAME_H 1
| #define HOST "x86_64-pc-linux-gnu"
| #define HAVE_NAMESPACES /**/
| #define HAVE_STL /**/
| #define HAVE_GETTIMEOFDAY 1
| #define HAVE_UNAME 1
| #define HAVE_GETHOSTBYADDR 1
| #define HAVE_GETHOSTBYNAME 1
| #define HAVE_INET_NTOA 1
| #define HAVE_ARPA_INET_H 1
| #define HAVE_NETDB_H 1
| #define HAVE_NETINET_IN_H 1
| #define HAVE_SYS_SOCKET_H 1
| /* end confdefs.h.  */
| 
|              #include <stdbool.h>
|              #ifndef bool
|               "error: bool is not defined"
|              #endif
|              #ifndef false
|               "error: false is not defined"
|              #endif
|              #if false
|               "error: false is not 0"
|              #endif
|              #ifndef true
|               "error: true is not defined"
|              #endif
|              #if true != 1
|               "error: true is not 1"
|              #endif
|              #ifndef __bool_true_false_are_defined
|               "error: __bool_true_false_are_defined is not defined"
|              #endif
| 
|              struct s { _Bool s: 1; _Bool t; } s;
| 
|              char a[true == 1 ? 1 : -1];
|              char b[false == 0 ? 1 : -1];
|              char c[__bool_true_false_are_defined == 1 ? 1 : -1];
|              char d[(bool) 0.5 == true ? 1 : -1];
|              /* See body of main program for 'e'.  */
|              char f[(_Bool) 0.0 == false ? 1 : -1];
|              char g[true];
|              char h[sizeof (_Bool)];
|              char i[sizeof s.t];
|              enum { j = false, k = true, l = false * true, m = true * 256 };
|              /* The following fails for
|                 HP aC++/ANSI C B3910B A.05.55 [Dec 04 2003]. */
|              _Bool n[m];
|              char o[sizeof n == m * sizeof n[0] ? 1 : -1];
|              char p[-1 - (_Bool) 0 < 0 && -1 - (bool) 0 < 0 ? 1 : -1];
|              /* Catch a bug in an HP-UX C compiler.  See
|                 http://gcc.gnu.org/ml/gcc-patches/2003-12/msg02303.html
|                 http://lists.gnu.org/archive/html/bug-coreutils/2005-11/msg00161.html
|               */
|              _Bool q = true;
|              _Bool *pq = &q;
| 
| int
| main ()
| {
| 
|              bool e = &s;
|              *pq |= q;
|              *pq |= ! q;
|              /* Refer to every declared value, to avoid compiler optimizations.  */
|              return (!a + !b + !c + !d + !e + !f + !g + !h + !i + !!j + !k + !!l
|                      + !m + !n + !o + !p + !q + !pq);
| 
|   ;
|   return 0;
| }
configure:11946: result: no
configure:11948: checking for _Bool
configure:11948: g++ -c -Wall -W -pedantic -g -O2  conftest.cpp >&5
conftest.cpp: In function 'int main()':
conftest.cpp:73:13: error: '_Bool' was not declared in this scope
   73 | if (sizeof (_Bool))
      |             ^~~~~
configure:11948: $? = 1
configure: failed program was:
| /* confdefs.h */
| #define PACKAGE_NAME "cgicc"
| #define PACKAGE_TARNAME "cgicc"
| #define PACKAGE_VERSION "3.2.19"
| #define PACKAGE_STRING "cgicc 3.2.19"
| #define PACKAGE_BUGREPORT "sebastien.diaz@gmail.com"
| #define PACKAGE_URL ""
| #define PACKAGE "cgicc"
| #define VERSION "3.2.19"
| #define STDC_HEADERS 1
| #define HAVE_SYS_TYPES_H 1
| #define HAVE_SYS_STAT_H 1
| #define HAVE_STDLIB_H 1
| #define HAVE_STRING_H 1
| #define HAVE_MEMORY_H 1
| #define HAVE_STRINGS_H 1
| #define HAVE_INTTYPES_H 1
| #define HAVE_STDINT_H 1
| #define HAVE_UNISTD_H 1
| #define HAVE_DLFCN_H 1
| #define LT_OBJDIR ".libs/"
| #define HAVE_SYS_TIME_H 1
| #define HAVE_SYS_UTSNAME_H 1
| #define HOST "x86_64-pc-linux-gnu"
| #define HAVE_NAMESPACES /**/
| #define HAVE_STL /**/
| #define HAVE_GETTIMEOFDAY 1
| #define HAVE_UNAME 1
| #define HAVE_GETHOSTBYADDR 1
| #define HAVE_GETHOSTBYNAME 1
| #define HAVE_INET_NTOA 1
| #define HAVE_ARPA_INET_H 1
| #define HAVE_NETDB_H 1
| #define HAVE_NETINET_IN_H 1
| #define HAVE_SYS_SOCKET_H 1
| /* end confdefs.h.  */
| #include <stdio.h>
| #ifdef HAVE_SYS_TYPES_H
| # include <sys/types.h>
| #endif
| #ifdef HAVE_SYS_STAT_H
| # include <sys/stat.h>
| #endif
| #ifdef STDC_HEADERS
| # include <stdlib.h>
| # include <stddef.h>
| #else
| # ifdef HAVE_STDLIB_H
| #  include <stdlib.h>
| # endif
| #endif
| #ifdef HAVE_STRING_H
| # if !defined STDC_HEADERS && defined HAVE_MEMORY_H
| #  include <memory.h>
| # endif
| # include <string.h>
| #endif
| #ifdef HAVE_STRINGS_H
| # include <strings.h>
| #endif
| #ifdef HAVE_INTTYPES_H
| # include <inttypes.h>
| #endif
| #ifdef HAVE_STDINT_H
| # include <stdint.h>
| #endif
| #ifdef HAVE_UNISTD_H
| # include <unistd.h>
| #endif
| int
| main ()
| {
| if (sizeof (_Bool))
| 	 return 0;
|   ;
|   return 0;
| }
configure:11948: result: no
configure:11962: checking fcntl.h usability
configure:11962: g++ -c -Wall -W -pedantic -g -O2  conftest.cpp >&5
configure:11962: $? = 0
configure:11962: result: yes
configure:11962: checking fcntl.h presence
configure:11962: g++ -E  conftest.cpp
configure:11962: $? = 0
configure:11962: result: yes
configure:11962: checking for fcntl.h
configure:11962: result: yes
configure:11972: checking for inline
configure:11988: g++ -c -Wall -W -pedantic -g -O2  conftest.cpp >&5
configure:11988: $? = 0
configure:11996: result: inline
configure:12057: checking for ranlib
configure:12084: result: ranlib
configure:12106: checking for size_t
configure:12106: g++ -c -Wall -W -pedantic -g -O2  conftest.cpp >&5
configure:12106: $? = 0
configure:12106: g++ -c -Wall -W -pedantic -g -O2  conftest.cpp >&5
conftest.cpp: In function 'int main()':
conftest.cpp:74:20: error: expected primary-expression before ')' token
   74 | if (sizeof ((size_t)))
      |                    ^
configure:12106: $? = 1
configure: failed program was:
| /* confdefs.h */
| #define PACKAGE_NAME "cgicc"
| #define PACKAGE_TARNAME "cgicc"
| #define PACKAGE_VERSION "3.2.19"
| #define PACKAGE_STRING "cgicc 3.2.19"
| #define PACKAGE_BUGREPORT "sebastien.diaz@gmail.com"
| #define PACKAGE_URL ""
| #define PACKAGE "cgicc"
| #define VERSION "3.2.19"
| #define STDC_HEADERS 1
| #define HAVE_SYS_TYPES_H 1
| #define HAVE_SYS_STAT_H 1
| #define HAVE_STDLIB_H 1
| #define HAVE_STRING_H 1
| #define HAVE_MEMORY_H 1
| #define HAVE_STRINGS_H 1
| #define HAVE_INTTYPES_H 1
| #define HAVE_STDINT_H 1
| #define HAVE_UNISTD_H 1
| #define HAVE_DLFCN_H 1
| #define LT_OBJDIR ".libs/"
| #define HAVE_SYS_TIME_H 1
| #define HAVE_SYS_UTSNAME_H 1
| #define HOST "x86_64-pc-linux-gnu"
| #define HAVE_NAMESPACES /**/
| #define HAVE_STL /**/
| #define HAVE_GETTIMEOFDAY 1
| #define HAVE_UNAME 1
| #define HAVE_GETHOSTBYADDR 1
| #define HAVE_GETHOSTBYNAME 1
| #define HAVE_INET_NTOA 1
| #define HAVE_ARPA_INET_H 1
| #define HAVE_NETDB_H 1
| #define HAVE_NETINET_IN_H 1
| #define HAVE_SYS_SOCKET_H 1
| #define HAVE_FCNTL_H 1
| /* end confdefs.h.  */
| #include <stdio.h>
| #ifdef HAVE_SYS_TYPES_H
| # include <sys/types.h>
| #endif
| #ifdef HAVE_SYS_STAT_H
| # include <sys/stat.h>
| #endif
| #ifdef STDC_HEADERS
| # include <stdlib.h>
| # include <stddef.h>
| #else
| # ifdef HAVE_STDLIB_H
| #  include <stdlib.h>
| # endif
| #endif
| #ifdef HAVE_STRING_H
| # if !defined STDC_HEADERS && defined HAVE_MEMORY_H
| #  include <memory.h>
| # endif
| # include <string.h>
| #endif
| #ifdef HAVE_STRINGS_H
| # include <strings.h>
| #endif
| #ifdef HAVE_INTTYPES_H
| # include <inttypes.h>
| #endif
| #ifdef HAVE_STDINT_H
| # include <stdint.h>
| #endif
| #ifdef HAVE_UNISTD_H
| # include <unistd.h>
| #endif
| int
| main ()
| {
| if (sizeof ((size_t)))
| 	    return 0;
|   ;
|   return 0;
| }
configure:12106: result: yes
configure:12130: checking whether to build the cgicc fcgi demos
configure:12132: result: no
configure:12299: checking that generated files are newer than configure
configure:12305: result: done
configure:12340: creating ./config.status

## ---------------------- ##
## Running config.status. ##
## ---------------------- ##

This file was extended by cgicc config.status 3.2.19, which was
generated by GNU Autoconf 2.69.  Invocation command line was

  CONFIG_FILES    = 
  CONFIG_HEADERS  = 
  CONFIG_LINKS    = 
  CONFIG_COMMANDS = 
  $ ./config.status 

on codespaces-4e73dd

config.status:1175: creating demo/Makefile
config.status:1175: creating contrib/Makefile
config.status:1175: creating Makefile
config.status:1175: creating cgicc/Makefile
config.status:1175: creating cgicc/CgiDefs.h
config.status:1175: creating support/Makefile
config.status:1175: creating support/cgicc-config
config.status:1175: creating doc/Makefile
config.status:1175: creating doc/Doxyfile
config.status:1175: creating cgicc.pc
config.status:1175: creating cgicc/config.h
config.status:1404: executing depfiles commands
config.status:1404: executing libtool commands

## ---------------- ##
## Cache variables. ##
## ---------------- ##

ac_cv_build=x86_64-pc-linux-gnu
ac_cv_c_compiler_gnu=yes
ac_cv_c_inline=inline
ac_cv_cxx_compiler_gnu=yes
ac_cv_cxx_have_stl=yes
ac_cv_cxx_namespaces=yes
ac_cv_env_CCC_set=
ac_cv_env_CCC_value=
ac_cv_env_CC_set=
ac_cv_env_CC_value=
ac_cv_env_CFLAGS_set=
ac_cv_env_CFLAGS_value=
ac_cv_env_CPPFLAGS_set=
ac_cv_env_CPPFLAGS_value=
ac_cv_env_CPP_set=
ac_cv_env_CPP_value=
ac_cv_env_CXXCPP_set=
ac_cv_env_CXXCPP_value=
ac_cv_env_CXXFLAGS_set=
ac_cv_env_CXXFLAGS_value=
ac_cv_env_CXX_set=
ac_cv_env_CXX_value=
ac_cv_env_LDFLAGS_set=
ac_cv_env_LDFLAGS_value=
ac_cv_env_LIBS_set=
ac_cv_env_LIBS_value=
ac_cv_env_LT_SYS_LIBRARY_PATH_set=
ac_cv_env_LT_SYS_LIBRARY_PATH_value=
ac_cv_env_build_alias_set=
ac_cv_env_build_alias_value=
ac_cv_env_host_alias_set=
ac_cv_env_host_alias_value=
ac_cv_env_target_alias_set=
ac_cv_env_target_alias_value=
ac_cv_func_gethostbyaddr=yes
ac_cv_func_gethostbyname=yes
ac_cv_func_gettimeofday=yes
ac_cv_func_inet_ntoa=yes
ac_cv_func_uname=yes
ac_cv_header_arpa_inet_h=yes
ac_cv_header_dlfcn_h=yes
ac_cv_header_fcntl_h=yes
ac_cv_header_inttypes_h=yes
ac_cv_header_memory_h=yes
ac_cv_header_netdb_h=yes
ac_cv_header_netinet_in_h=yes
ac_cv_header_stdbool_h=no
ac_cv_header_stdc=yes
ac_cv_header_stdint_h=yes
ac_cv_header_stdlib_h=yes
ac_cv_header_string_h=yes
ac_cv_header_strings_h=yes
ac_cv_header_sys_socket_h=yes
ac_cv_header_sys_stat_h=yes
ac_cv_header_sys_time_h=yes
ac_cv_header_sys_types_h=yes
ac_cv_header_sys_utsname_h=yes
ac_cv_header_unistd_h=yes
ac_cv_host=x86_64-pc-linux-gnu
ac_cv_lib_nsl_gethostbyaddr=yes
ac_cv_objext=o
ac_cv_path_EGREP='/usr/bin/grep -E'
ac_cv_path_FGREP='/usr/bin/grep -F'
ac_cv_path_GREP=/usr/bin/grep
ac_cv_path_SED=/usr/bin/sed
ac_cv_path_install='/usr/bin/install -c'
ac_cv_path_lt_DD=/usr/bin/dd
ac_cv_path_mkdir=/usr/bin/mkdir
ac_cv_prog_AWK=gawk
ac_cv_prog_CPP='gcc -E'
ac_cv_prog_CXXCPP='g++ -E'
ac_cv_prog_DOXYGEN=/bin/echo
ac_cv_prog_ac_ct_AR=ar
ac_cv_prog_ac_ct_CC=gcc
ac_cv_prog_ac_ct_CXX=g++
ac_cv_prog_ac_ct_OBJDUMP=objdump
ac_cv_prog_ac_ct_RANLIB=ranlib
ac_cv_prog_ac_ct_STRIP=strip
ac_cv_prog_cc_c89=
ac_cv_prog_cc_g=yes
ac_cv_prog_cxx_g=yes
ac_cv_prog_make_make_set=yes
ac_cv_type__Bool=no
ac_cv_type_size_t=yes
am_cv_CC_dependencies_compiler_type=gcc3
am_cv_CXX_dependencies_compiler_type=gcc3
am_cv_make_support_nested_variables=yes
am_cv_prog_cc_c_o=yes
cgicc_cv_acc=no
lt_cv_ar_at_file=@
lt_cv_archive_cmds_need_lc=no
lt_cv_deplibs_check_method=pass_all
lt_cv_file_magic_cmd='$MAGIC_CMD'
lt_cv_file_magic_test_file=
lt_cv_ld_reload_flag=-r
lt_cv_nm_interface='BSD nm'
lt_cv_objdir=.libs
lt_cv_path_LD=/usr/bin/ld
lt_cv_path_LDCXX='/usr/bin/ld -m elf_x86_64'
lt_cv_path_NM='/usr/bin/nm -B'
lt_cv_path_mainfest_tool=no
lt_cv_prog_compiler_c_o=yes
lt_cv_prog_compiler_c_o_CXX=yes
lt_cv_prog_compiler_pic='-fPIC -DPIC'
lt_cv_prog_compiler_pic_CXX='-fPIC -DPIC'
lt_cv_prog_compiler_pic_works=yes
lt_cv_prog_compiler_pic_works_CXX=yes
lt_cv_prog_compiler_rtti_exceptions=no
lt_cv_prog_compiler_static_works=yes
lt_cv_prog_compiler_static_works_CXX=yes
lt_cv_prog_gnu_ld=yes
lt_cv_prog_gnu_ldcxx=yes
lt_cv_sharedlib_from_linklib_cmd='printf %s\n'
lt_cv_shlibpath_overrides_runpath=yes
lt_cv_sys_global_symbol_pipe='sed -n -e '\''s/^.*[	 ]\([ABCDGIRSTW][ABCDGIRSTW]*\)[	 ][	 ]*\([_A-Za-z][_A-Za-z0-9]*\)$/\1 \2 \2/p'\'' | sed '\''/ __gnu_lto/d'\'''
lt_cv_sys_global_symbol_to_c_name_address='sed -n -e '\''s/^: \(.*\) .*$/  {"\1", (void *) 0},/p'\'' -e '\''s/^[ABCDGIRSTW][ABCDGIRSTW]* .* \(.*\)$/  {"\1", (void *) \&\1},/p'\'''
lt_cv_sys_global_symbol_to_c_name_address_lib_prefix='sed -n -e '\''s/^: \(.*\) .*$/  {"\1", (void *) 0},/p'\'' -e '\''s/^[ABCDGIRSTW][ABCDGIRSTW]* .* \(lib.*\)$/  {"\1", (void *) \&\1},/p'\'' -e '\''s/^[ABCDGIRSTW][ABCDGIRSTW]* .* \(.*\)$/  {"lib\1", (void *) \&\1},/p'\'''
lt_cv_sys_global_symbol_to_cdecl='sed -n -e '\''s/^T .* \(.*\)$/extern int \1();/p'\'' -e '\''s/^[ABCDGIRSTW][ABCDGIRSTW]* .* \(.*\)$/extern char \1;/p'\'''
lt_cv_sys_global_symbol_to_import=
lt_cv_sys_max_cmd_len=1572864
lt_cv_to_host_file_cmd=func_convert_file_noop
lt_cv_to_tool_file_cmd=func_convert_file_noop
lt_cv_truncate_bin='/usr/bin/dd bs=4096 count=1'

## ----------------- ##
## Output variables. ##
## ----------------- ##

ACLOCAL='${SHELL} /workspaces/WebServer/CGI/cgicc-3.2.19/support/missing aclocal-1.15'
AMDEPBACKSLASH='\'
AMDEP_FALSE='#'
AMDEP_TRUE=''
AMTAR='$${TAR-tar}'
AM_BACKSLASH='\'
AM_DEFAULT_V='$(AM_DEFAULT_VERBOSITY)'
AM_DEFAULT_VERBOSITY='1'
AM_V='$(V)'
AR='ar'
AUTOCONF='${SHELL} /workspaces/WebServer/CGI/cgicc-3.2.19/support/missing autoconf'
AUTOHEADER='${SHELL} /workspaces/WebServer/CGI/cgicc-3.2.19/support/missing autoheader'
AUTOMAKE='${SHELL} /workspaces/WebServer/CGI/cgicc-3.2.19/support/missing automake-1.15'
AWK='gawk'
CC='gcc'
CCDEPMODE='depmode=gcc3'
CFLAGS='-g -O2'
CPP='gcc -E'
CPPFLAGS=''
CXX='g++'
CXXCPP='g++ -E'
CXXDEPMODE='depmode=gcc3'
CXXFLAGS='-Wall -W -pedantic -g -O2'
CYGPATH_W='echo'
DEFS='-DHAVE_CONFIG_H'
DEMOS_FALSE='#'
DEMOS_TRUE=''
DEMO_LIBS=''
DEPDIR='.deps'
DLLTOOL='false'
DOXYGEN='/bin/echo'
DSYMUTIL=''
DUMPBIN=''
ECHO_C=''
ECHO_N='-n'
ECHO_T=''
EGREP='/usr/bin/grep -E'
EXEEXT=''
FCGI_DEMOS_FALSE=''
FCGI_DEMOS_TRUE='#'
FCGI_LIBS=''
FGREP='/usr/bin/grep -F'
GREP='/usr/bin/grep'
INSTALL_DATA='${INSTALL} -m 644'
INSTALL_PROGRAM='${INSTALL}'
INSTALL_SCRIPT='${INSTALL}'
INSTALL_STRIP_PROGRAM='$(install_sh) -c -s'
LD='/usr/bin/ld -m elf_x86_64'
LDFLAGS=''
LIBOBJS=''
LIBS=''
LIBTOOL='$(SHELL) $(top_builddir)/libtool'
LIB_NET='-lnsl'
LIPO=''
LN_S='ln -s'
LTLIBOBJS=''
LT_SYS_LIBRARY_PATH=''
MAKEINFO='${SHELL} /workspaces/WebServer/CGI/cgicc-3.2.19/support/missing makeinfo'
MANIFEST_TOOL=':'
MKDIR_P='/usr/bin/mkdir -p'
NM='/usr/bin/nm -B'
NMEDIT=''
OBJDUMP='objdump'
OBJEXT='o'
OTOOL64=''
OTOOL=''
PACKAGE='cgicc'
PACKAGE_BUGREPORT='sebastien.diaz@gmail.com'
PACKAGE_NAME='cgicc'
PACKAGE_STRING='cgicc 3.2.19'
PACKAGE_TARNAME='cgicc'
PACKAGE_URL=''
PACKAGE_VERSION='3.2.19'
PATH_SEPARATOR=':'
RANLIB='ranlib'
SED='/usr/bin/sed'
SET_MAKE=''
SHELL='/bin/bash'
STRIP='strip'
VERSION='3.2.19'
ac_ct_AR='ar'
ac_ct_CC='gcc'
ac_ct_CXX='g++'
ac_ct_DUMPBIN=''
am__EXEEXT_FALSE=''
am__EXEEXT_TRUE='#'
am__fastdepCC_FALSE='#'
am__fastdepCC_TRUE=''
am__fastdepCXX_FALSE='#'
am__fastdepCXX_TRUE=''
am__include='include'
am__isrc=''
am__leading_dot='.'
am__nodep='_no'
am__quote=''
am__tar='$${TAR-tar} chof - "$$tardir"'
am__untar='$${TAR-tar} xf -'
bindir='${exec_prefix}/bin'
build='x86_64-pc-linux-gnu'
build_alias=''
build_cpu='x86_64'
build_os='linux-gnu'
build_vendor='pc'
datadir='${datarootdir}'
datarootdir='${prefix}/share'
docdir='${datarootdir}/doc/${PACKAGE_TARNAME}'
dvidir='${docdir}'
exec_prefix='${prefix}'
host='x86_64-pc-linux-gnu'
host_alias=''
host_cpu='x86_64'
host_os='linux-gnu'
host_vendor='pc'
htmldir='${docdir}'
includedir='${prefix}/include'
infodir='${datarootdir}/info'
install_sh='${SHELL} /workspaces/WebServer/CGI/cgicc-3.2.19/support/install-sh'
libdir='${exec_prefix}/lib'
libexecdir='${exec_prefix}/libexec'
localedir='${datarootdir}/locale'
localstatedir='${prefix}/var'
mandir='${datarootdir}/man'
mkdir_p='$(MKDIR_P)'
oldincludedir='/usr/include'
pdfdir='${docdir}'
prefix='/usr'
program_transform_name='s,x,x,'
psdir='${docdir}'
runstatedir='${localstatedir}/run'
sbindir='${exec_prefix}/sbin'
sharedstatedir='${prefix}/com'
sysconfdir='${prefix}/etc'
target_alias=''

## ----------- ##
## confdefs.h. ##
## ----------- ##

/* confdefs.h */
#define PACKAGE_NAME "cgicc"
#define PACKAGE_TARNAME "cgicc"
#define PACKAGE_VERSION "3.2.19"
#define PACKAGE_STRING "cgicc 3.2.19"
#define PACKAGE_BUGREPORT "sebastien.diaz@gmail.com"
#define PACKAGE_URL ""
#define PACKAGE "cgicc"
#define VERSION "3.2.19"
#define STDC_HEADERS 1
#define HAVE_SYS_TYPES_H 1
#define HAVE_SYS_STAT_H 1
#define HAVE_STDLIB_H 1
#define HAVE_STRING_H 1
#define HAVE_MEMORY_H 1
#define HAVE_STRINGS_H 1
#define HAVE_INTTYPES_H 1
#define HAVE_STDINT_H 1
#define HAVE_UNISTD_H 1
#define HAVE_DLFCN_H 1
#define LT_OBJDIR ".libs/"
#define HAVE_SYS_TIME_H 1
#define HAVE_SYS_UTSNAME_H 1
#define HOST "x86_64-pc-linux-gnu"
#define HAVE_NAMESPACES /**/
#define HAVE_STL /**/
#define HAVE_GETTIMEOFDAY 1
#define HAVE_UNAME 1
#define HAVE_GETHOSTBYADDR 1
#define HAVE_GETHOSTBYNAME 1
#define HAVE_INET_NTOA 1
#define HAVE_ARPA_INET_H 1
#define HAVE_NETDB_H 1
#define HAVE_NETINET_IN_H 1
#define HAVE_SYS_SOCKET_H 1
#define HAVE_FCNTL_H 1

configure: exit 0

## ---------------------- ##
## Running config.status. ##
## ---------------------- ##

This file was extended by cgicc config.status 3.2.19, which was
generated by GNU Autoconf 2.69.  Invocation command line was

  CONFIG_FILES    = 
  CONFIG_HEADERS  = 
  CONFIG_LINKS    = 
  CONFIG_COMMANDS = 
  $ ./config.status cgicc/config.h

on codespaces-4e73dd

config.status:1175: creating cgicc/config.h
config.status:1356: cgicc/config.h is unchanged
